<?xml version="1.0" encoding="UTF-8"?>
<!-- Generated by org.testng.reporters.JUnitReportReporter -->
<testsuite skipped="0" hostname="LAPTOP-G9HHL1F8" name="Execution.ExecuteSimpleGoogle" tests="1" failures="0" timestamp="21 Jun 2020 22:54:11 GMT" time="1599.036" errors="0">
  <testcase name="getData" time="1599.036" classname="Execution.ExecuteSimpleGoogle"/>
</testsuite> <!-- Execution.ExecuteSimpleGoogle -->
