<?xml version="1.0" encoding="UTF-8"?>
<!-- Generated by org.testng.reporters.JUnitReportReporter -->
<testsuite skipped="0" hostname="LAPTOP-G9HHL1F8" name="Execution.ExecuteVerifyongoogle" tests="1" failures="0" timestamp="22 Jun 2020 21:37:25 GMT" time="67.723" errors="0">
  <testcase name="verifygo1" time="67.723" classname="Execution.ExecuteVerifyongoogle"/>
</testsuite> <!-- Execution.ExecuteVerifyongoogle -->
