<?xml version="1.0" encoding="UTF-8"?>
<!-- Generated by org.testng.reporters.JUnitReportReporter -->
<testsuite skipped="0" hostname="LAPTOP-G9HHL1F8" name="Execution.ExecuteSampleGoogle" tests="1" failures="0" timestamp="24 Oct 2020 12:51:20 GMT" time="2755.003" errors="0">
  <testcase name="Samplegen" time="2755.003" classname="Execution.ExecuteSampleGoogle"/>
</testsuite> <!-- Execution.ExecuteSampleGoogle -->
