<?xml version="1.0" encoding="UTF-8"?>
<!-- Generated by org.testng.reporters.JUnitReportReporter -->
<testsuite skipped="0" hostname="LAPTOP-G9HHL1F8" name="Execution.ExecuteSimpleGoogle" tests="1" failures="0" timestamp="11 Nov 2020 10:37:32 GMT" time="649.362" errors="0">
  <testcase name="getData" time="649.362" classname="Execution.ExecuteSimpleGoogle"/>
</testsuite> <!-- Execution.ExecuteSimpleGoogle -->
